https://mltshp.com/p/1RQ54
https://mltshp.com/p/1RQ6F
https://mltshp.com/p/1RQ59
https://mltshp.com/p/1RQ5Y
https://mltshp.com/p/1RQ5Z
https://mltshp.com/p/1RQ6V
https://mltshp.com/p/1RQ64
https://mltshp.com/p/1RQ6W
https://mltshp.com/p/1RQ6N
https://mltshp.com/p/1RQ60
https://mltshp.com/p/1RQ6H
https://mltshp.com/p/1RQ7R
https://mltshp.com/p/1RQ74
https://mltshp.com/p/1RQ82
https://mltshp.com/p/1RQ78
https://mltshp.com/p/1IW47
https://mltshp.com/p/1RQ79
https://mltshp.com/p/1N50Q
https://mltshp.com/p/1RQ8I
https://mltshp.com/p/1RQ6U
https://mltshp.com/p/1RQ81
https://mltshp.com/p/1RQ8A
https://mltshp.com/p/1RQ89
https://mltshp.com/p/1RQ7T
https://mltshp.com/p/1RQ9L
https://mltshp.com/p/1RQ70
https://mltshp.com/p/1RQ9A
https://mltshp.com/p/1RQ7V
https://mltshp.com/p/1RQA3
https://mltshp.com/p/1RQ9D
https://mltshp.com/p/1RQAM
https://mltshp.com/p/1RQAQ
https://mltshp.com/p/1RQAP
https://mltshp.com/p/1RQBF
https://mltshp.com/p/1RQAO
https://mltshp.com/p/1RQBS
https://mltshp.com/p/1RQ8F
https://mltshp.com/p/1RQBW
https://mltshp.com/p/1RQBX
https://mltshp.com/p/1RQBV
https://mltshp.com/p/1RQBM
https://mltshp.com/p/1RQB1
https://mltshp.com/p/1RQC7
https://mltshp.com/p/1RQD2
https://mltshp.com/p/1RQCY
https://mltshp.com/p/1RQCQ
https://mltshp.com/p/1RQCG
https://mltshp.com/p/1RQEG
https://mltshp.com/p/1RQE6
https://mltshp.com/p/1RQDC
https://mltshp.com/p/1RQEJ
https://mltshp.com/p/1RQCR
https://mltshp.com/p/1RQEP
https://mltshp.com/p/1RQEL
https://mltshp.com/p/1RQFO
https://mltshp.com/p/1RQF8
https://mltshp.com/p/1RQFH
https://mltshp.com/p/1RQFW
https://mltshp.com/p/1RQFN
https://mltshp.com/p/1RQG0
https://mltshp.com/p/1RQG2
https://mltshp.com/p/1RQG4
https://mltshp.com/p/1RQG1
https://mltshp.com/p/1RQFP
https://mltshp.com/p/1RQDE
https://mltshp.com/p/1RQFJ
https://mltshp.com/p/1RQH0
https://mltshp.com/p/1RQHI
https://mltshp.com/p/1RQGA
https://mltshp.com/p/1RQGW
https://mltshp.com/p/1RQFL
https://mltshp.com/p/1RQHB
https://mltshp.com/p/1RQHC
https://mltshp.com/p/1RQL6
https://mltshp.com/p/1RQL8
https://mltshp.com/p/1RQL2
https://mltshp.com/p/1RQHZ
https://mltshp.com/p/1RQHS
https://mltshp.com/p/1RQLK
https://mltshp.com/p/1RQLJ
https://mltshp.com/p/1RQJB
https://mltshp.com/p/1RQL9
https://mltshp.com/p/1RQL4
https://mltshp.com/p/1RQLG
https://mltshp.com/p/1RQLB
https://mltshp.com/p/1RQIJ
https://mltshp.com/p/1RQLC
https://mltshp.com/p/1RQKR
https://mltshp.com/p/1RQML
https://mltshp.com/p/1RQLF
https://mltshp.com/p/1RQN0
https://mltshp.com/p/1RQNM
https://mltshp.com/p/1RQMM
https://mltshp.com/p/1RQNE
https://mltshp.com/p/1RQNO
https://mltshp.com/p/1RQLQ
https://mltshp.com/p/1RQL5
https://mltshp.com/p/1RQNV
https://mltshp.com/p/1RQOW
https://mltshp.com/p/1RQNS
https://mltshp.com/p/1RQNJ
https://mltshp.com/p/1RQNL
https://mltshp.com/p/1RQR0
https://mltshp.com/p/1RQR6
https://mltshp.com/p/1RQRW
https://mltshp.com/p/1RQNZ
https://mltshp.com/p/1RQRS
https://mltshp.com/p/1RQSB
https://mltshp.com/p/1RQSR
https://mltshp.com/p/1RQSS
https://mltshp.com/p/1RQSD
https://mltshp.com/p/1I95R
https://mltshp.com/p/1RQRZ
https://mltshp.com/p/1RQSP
https://mltshp.com/p/1RQTH
https://mltshp.com/p/1RQDS
https://mltshp.com/p/1RQB8
https://mltshp.com/p/1RQTO
https://mltshp.com/p/1RPSF
https://mltshp.com/p/1RQUE
https://mltshp.com/p/1RQTF
https://mltshp.com/p/1RQV9
https://mltshp.com/p/1RQVB
https://mltshp.com/p/1RQUU
https://mltshp.com/p/1RQUK
https://mltshp.com/p/1RQN5
https://mltshp.com/p/1RQV2
https://mltshp.com/p/1RQV3
https://mltshp.com/p/1RQU4
https://mltshp.com/p/1RQW3
https://mltshp.com/p/1RQWK
https://mltshp.com/p/1RQXL
https://mltshp.com/p/1RQWW
https://mltshp.com/p/1RQXB
https://mltshp.com/p/1RQXP
https://mltshp.com/p/1RQXV
https://mltshp.com/p/1RQXX
https://mltshp.com/p/1RQXD
https://mltshp.com/p/1RQXY
https://mltshp.com/p/1RQZ1
https://mltshp.com/p/1RQWJ
https://mltshp.com/p/1Q6QZ
https://mltshp.com/p/1RQZF
https://mltshp.com/p/1RQZ4
https://mltshp.com/p/1RQZQ
https://mltshp.com/p/1RR06
https://mltshp.com/p/1RQZJ
https://mltshp.com/p/1RQZV
https://mltshp.com/p/1RR05
https://mltshp.com/p/1RQZ0
https://mltshp.com/p/1RQZZ
https://mltshp.com/p/1RR0F
https://mltshp.com/p/1RR11
https://mltshp.com/p/1RR10
https://mltshp.com/p/1RR07
https://mltshp.com/p/1RR0S
https://mltshp.com/p/1RR0R
https://mltshp.com/p/1RR0M
https://mltshp.com/p/1RR0L
https://mltshp.com/p/1RR1C
https://mltshp.com/p/1RR0G
https://mltshp.com/p/1RR1F
https://mltshp.com/p/1RR0Z
https://mltshp.com/p/1RR1Y
https://mltshp.com/p/1RR27
https://mltshp.com/p/1RR0K
https://mltshp.com/p/1RR1Z
https://mltshp.com/p/1RR1X
https://mltshp.com/p/1RR2F
https://mltshp.com/p/1RR29
https://mltshp.com/p/1RR2N
https://mltshp.com/p/1RR2Q
https://mltshp.com/p/1RR2U
https://mltshp.com/p/1RR2J
https://mltshp.com/p/1RR22
https://mltshp.com/p/1RR2D
https://mltshp.com/p/1RR3O
https://mltshp.com/p/1RR46
https://mltshp.com/p/1RR42
https://mltshp.com/p/1RR4A
https://mltshp.com/p/1RR41
https://mltshp.com/p/1RR4K
https://mltshp.com/p/1RQSG
https://mltshp.com/p/1RQSA
https://mltshp.com/p/1RR4E
https://mltshp.com/p/1RR3I
https://mltshp.com/p/1RR4T
https://mltshp.com/p/1RR4W
https://mltshp.com/p/1RR48
https://mltshp.com/p/1RR4Q
https://mltshp.com/p/1RR5Q
https://mltshp.com/p/1RR32
https://mltshp.com/p/1RR4V
https://mltshp.com/p/1RQY7
https://mltshp.com/p/1RR5U
https://mltshp.com/p/1RR5L
https://mltshp.com/p/1RR5B
https://mltshp.com/p/1RR5E
https://mltshp.com/p/1RR5P
https://mltshp.com/p/1RR65